app/build/outputs/logs/manifest-merger-debug-report.txt
-- Merging decision tree log ---
manifest
ADDED from src/main/AndroidManifest.xml:2:1-70:12
	package
		ADDED from src/main/AndroidManifest.xml:3:5-55
		INJECTED from src/main/AndroidManifest.xml
		INJECTED from src/main/AndroidManifest.xml
	android:versionName
		ADDED from src/main/AndroidManifest.xml:5:5-30
		INJECTED from src/main/AndroidManifest.xml
		INJECTED from src/main/AndroidManifest.xml
	android:versionCode
		ADDED from src/main/AndroidManifest.xml:4:5-28
		INJECTED from src/main/AndroidManifest.xml
		INJECTED from src/main/AndroidManifest.xml
	xmlns:android
		ADDED from src/main/AndroidManifest.xml:2:11-69
uses-sdk
ADDED from src/main/AndroidManifest.xml:7:5-9:41
MERGED from [com.android.support.constraint:constraint-layout:1.0.2] AndroidManifest.xml:5:5-7:41
MERGED from [com.google.android.gms:play-services:11.0.4] AndroidManifest.xml:4:5-43
MERGED from [com.google.android.gms:play-services-ads:11.0.4] AndroidManifest.xml:17:5-43
MERGED from [com.google.android.gms:play-services-ads-lite:11.0.4] AndroidManifest.xml:22:5-43
MERGED from [com.google.android.gms:play-services-analytics:11.0.4] AndroidManifest.xml:17:5-43
MERGED from [com.google.android.gms:play-services-appinvite:11.0.4] AndroidManifest.xml:17:5-43
MERGED from [com.google.android.gms:play-services-auth-api-phone:11.0.4] AndroidManifest.xml:3:3-41
MERGED from [com.google.android.gms:play-services-cast-framework:11.0.4] AndroidManifest.xml:3:5-43
MERGED from [com.google.android.gms:play-services-cast:11.0.4] AndroidManifest.xml:17:5-43
MERGED from [com.android.support:mediarouter-v7:25.2.0] AndroidManifest.xml:20:5-43
MERGED from [com.android.support:palette-v7:25.2.0] AndroidManifest.xml:20:5-43
MERGED from [com.google.android.gms:play-services-clearcut:11.0.4] AndroidManifest.xml:17:5-43
MERGED from [com.google.firebase:firebase-config:11.0.4] AndroidManifest.xml:17:5-43
MERGED from [com.google.android.gms:play-services-awareness:11.0.4] AndroidManifest.xml:17:5-43
MERGED from [com.google.firebase:firebase-crash:11.0.4] AndroidManifest.xml:20:5-43
MERGED from [com.google.firebase:firebase-database:11.0.4] AndroidManifest.xml:3:5-43
MERGED from [com.google.firebase:firebase-database-connection:11.0.4] AndroidManifest.xml:3:5-43
MERGED from [com.google.firebase:firebase-dynamic-links:11.0.4] AndroidManifest.xml:3:3-41
MERGED from [com.google.firebase:firebase-messaging:11.0.4] AndroidManifest.xml:17:5-43
MERGED from [com.google.firebase:firebase-storage:11.0.4] AndroidManifest.xml:3:5-43
MERGED from [com.google.firebase:firebase-storage-common:11.0.4] AndroidManifest.xml:3:5-43
MERGED from [com.google.android.gms:play-services-fitness:11.0.4] AndroidManifest.xml:17:5-43
MERGED from [com.google.android.gms:play-services-games:11.0.4] AndroidManifest.xml:17:5-43
MERGED from [com.google.android.gms:play-services-drive:11.0.4] AndroidManifest.xml:17:5-43
MERGED from [com.google.android.gms:play-services-gass:11.0.4] AndroidManifest.xml:3:5-43
MERGED from [com.google.android.gms:play-services-gcm:11.0.4] AndroidManifest.xml:17:5-43
MERGED from [com.google.firebase:firebase-appindexing:11.0.4] AndroidManifest.xml:17:5-43
MERGED from [com.google.android.gms:play-services-iid:11.0.4] AndroidManifest.xml:17:5-43
MERGED from [com.google.android.gms:play-services-instantapps:11.0.4] AndroidManifest.xml:3:5-43
MERGED from [com.google.android.gms:play-services-nearby:11.0.4] AndroidManifest.xml:3:5-43
MERGED from [com.google.android.gms:play-services-panorama:11.0.4] AndroidManifest.xml:17:5-43
MERGED from [com.google.android.gms:play-services-places:11.0.4] AndroidManifest.xml:17:5-43
MERGED from [com.google.android.gms:play-services-plus:11.0.4] AndroidManifest.xml:17:5-43
MERGED from [com.google.android.gms:play-services-safetynet:11.0.4] AndroidManifest.xml:17:5-43
MERGED from [com.google.android.gms:play-services-tagmanager:11.0.4] AndroidManifest.xml:17:5-43
MERGED from [com.google.android.gms:play-services-tagmanager-api:11.0.4] AndroidManifest.xml:17:5-43
MERGED from [com.google.android.gms:play-services-tagmanager-v4-impl:11.0.4] AndroidManifest.xml:17:5-43
MERGED from [com.google.android.gms:play-services-analytics-impl:11.0.4] AndroidManifest.xml:17:5-43
MERGED from [com.google.android.gms:play-services-vision:11.0.4] AndroidManifest.xml:3:5-43
MERGED from [com.google.android.gms:play-services-vision-common:11.0.4] AndroidManifest.xml:3:5-43
MERGED from [com.google.android.gms:play-services-wallet:11.0.4] AndroidManifest.xml:18:5-43
MERGED from [com.google.android.gms:play-services-identity:11.0.4] AndroidManifest.xml:17:5-43
MERGED from [com.google.android.gms:play-services-wearable:11.0.4] AndroidManifest.xml:17:5-43
MERGED from [com.google.android.gms:play-services-maps:11.0.4] AndroidManifest.xml:23:5-43
MERGED from [com.google.android.gms:play-services-location:11.0.4] AndroidManifest.xml:3:5-43
MERGED from [com.microsoft.azure:azure-mobile-android:3.2.0] AndroidManifest.xml:7:5-9:41
MERGED from [com.google.android.gms:play-services-auth:11.0.4] AndroidManifest.xml:17:5-43
MERGED from [com.google.android.gms:play-services-auth-base:11.0.4] AndroidManifest.xml:4:5-43
MERGED from [com.google.firebase:firebase-auth:11.0.4] AndroidManifest.xml:17:5-43
MERGED from [com.google.android.gms:play-services-base:11.0.4] AndroidManifest.xml:17:5-43
MERGED from [com.facebook.android:facebook-login:4.27.0] AndroidManifest.xml:24:5-26:41
MERGED from [com.facebook.android:facebook-common:4.27.0] AndroidManifest.xml:24:5-26:41
MERGED from [com.facebook.android:facebook-core:4.27.0] AndroidManifest.xml:24:5-26:41
MERGED from [com.android.support:appcompat-v7:25.3.1] AndroidManifest.xml:21:5-23:78
MERGED from [com.android.support:animated-vector-drawable:25.3.1] AndroidManifest.xml:20:5-44
MERGED from [com.android.support:support-vector-drawable:25.3.1] AndroidManifest.xml:20:5-43
MERGED from [com.android.support:cardview-v7:25.3.1] AndroidManifest.xml:20:5-43
MERGED from [com.android.support:customtabs:25.3.1] AndroidManifest.xml:20:5-44
MERGED from [com.google.firebase:firebase-core:11.0.4] AndroidManifest.xml:4:5-43
MERGED from [com.google.firebase:firebase-analytics:11.0.4] AndroidManifest.xml:17:5-43
MERGED from [com.google.firebase:firebase-analytics-impl:11.0.4] AndroidManifest.xml:17:5-43
MERGED from [com.google.firebase:firebase-iid:11.0.4] AndroidManifest.xml:17:5-43
MERGED from [com.google.firebase:firebase-common:11.0.4] AndroidManifest.xml:3:5-43
MERGED from [com.google.android.gms:play-services-tasks:11.0.4] AndroidManifest.xml:3:5-43
MERGED from [com.google.android.gms:play-services-basement:11.0.4] AndroidManifest.xml:17:5-43
MERGED from [com.android.support:support-v4:25.3.1] AndroidManifest.xml:21:5-23:54
MERGED from [com.android.support:support-fragment:25.3.1] AndroidManifest.xml:21:5-23:60
MERGED from [com.android.support:support-media-compat:25.3.1] AndroidManifest.xml:21:5-23:63
MERGED from [com.android.support:support-core-ui:25.3.1] AndroidManifest.xml:21:5-23:58
MERGED from [com.android.support:support-core-utils:25.3.1] AndroidManifest.xml:21:5-23:61
MERGED from [com.android.support:support-compat:25.3.1] AndroidManifest.xml:21:5-23:58
	tools:overrideLibrary
		ADDED from [com.android.support:appcompat-v7:25.3.1] AndroidManifest.xml:23:9-75
	android:targetSdkVersion
		ADDED from src/main/AndroidManifest.xml:9:9-38
		INJECTED from src/main/AndroidManifest.xml
		INJECTED from src/main/AndroidManifest.xml
	android:minSdkVersion
		ADDED from src/main/AndroidManifest.xml:8:9-34
		INJECTED from src/main/AndroidManifest.xml
		INJECTED from src/main/AndroidManifest.xml
uses-permission#android.permission.INTERNET
ADDED from src/main/AndroidManifest.xml:11:5-67
MERGED from [com.google.android.gms:play-services-ads-lite:11.0.4] AndroidManifest.xml:19:5-66
MERGED from [com.google.android.gms:play-services-analytics:11.0.4] AndroidManifest.xml:20:5-66
MERGED from [com.google.android.gms:play-services-appinvite:11.0.4] AndroidManifest.xml:18:5-66
MERGED from [com.google.firebase:firebase-crash:11.0.4] AndroidManifest.xml:18:5-66
MERGED from [com.google.android.gms:play-services-gcm:11.0.4] AndroidManifest.xml:21:5-66
MERGED from [com.google.android.gms:play-services-iid:11.0.4] AndroidManifest.xml:21:5-66
MERGED from [com.google.android.gms:play-services-tagmanager-api:11.0.4] AndroidManifest.xml:20:5-66
MERGED from [com.google.android.gms:play-services-analytics-impl:11.0.4] AndroidManifest.xml:20:5-66
MERGED from [com.google.android.gms:play-services-maps:11.0.4] AndroidManifest.xml:20:5-66
MERGED from [com.google.firebase:firebase-analytics:11.0.4] AndroidManifest.xml:20:5-66
MERGED from [com.google.firebase:firebase-analytics-impl:11.0.4] AndroidManifest.xml:20:5-66
MERGED from [com.google.firebase:firebase-iid:11.0.4] AndroidManifest.xml:20:5-66
	android:name
		ADDED from src/main/AndroidManifest.xml:11:22-64
uses-permission#android.permission.WRITE_EXTERNAL_STORAGE
ADDED from src/main/AndroidManifest.xml:12:5-81
	android:name
		ADDED from src/main/AndroidManifest.xml:12:22-78
uses-permission#android.permission.READ_PHONE_STATE
ADDED from src/main/AndroidManifest.xml:13:5-75
	android:name
		ADDED from src/main/AndroidManifest.xml:13:22-72
uses-permission#android.permission.READ_EXTERNAL_STORAGE
ADDED from src/main/AndroidManifest.xml:14:5-80
	android:name
		ADDED from src/main/AndroidManifest.xml:14:22-77
uses-permission#android.permission.READ_CONTACTS
ADDED from src/main/AndroidManifest.xml:15:5-72
	android:name
		ADDED from src/main/AndroidManifest.xml:15:22-69
uses-permission#android.permission.ACCESS_FINE_LOCATION
ADDED from src/main/AndroidManifest.xml:16:5-79
	android:name
		ADDED from src/main/AndroidManifest.xml:16:22-76
uses-permission#android.permission.ACCESS_COARSE_LOCATION
ADDED from src/main/AndroidManifest.xml:18:5-81
	android:name
		ADDED from src/main/AndroidManifest.xml:18:22-78
uses-feature#android.hardware.location.gps
ADDED from src/main/AndroidManifest.xml:20:5-66
	android:name
		ADDED from src/main/AndroidManifest.xml:20:19-63
application
ADDED from src/main/AndroidManifest.xml:22:5-68:19
MERGED from [com.android.support.constraint:constraint-layout:1.0.2] AndroidManifest.xml:9:5-20
MERGED from [com.google.android.gms:play-services:11.0.4] AndroidManifest.xml:5:5-20
MERGED from [com.google.android.gms:play-services-ads-lite:11.0.4] AndroidManifest.xml:23:5-26:19
MERGED from [com.google.android.gms:play-services-analytics:11.0.4] AndroidManifest.xml:26:5-19
MERGED from [com.google.android.gms:play-services-appinvite:11.0.4] AndroidManifest.xml:19:5-26:19
MERGED from [com.google.android.gms:play-services-cast-framework:11.0.4] AndroidManifest.xml:4:5-8:19
MERGED from [com.google.android.gms:play-services-cast:11.0.4] AndroidManifest.xml:18:5-19
MERGED from [com.android.support:mediarouter-v7:25.2.0] AndroidManifest.xml:22:5-20
MERGED from [com.android.support:palette-v7:25.2.0] AndroidManifest.xml:22:5-23:19
MERGED from [com.google.android.gms:play-services-clearcut:11.0.4] AndroidManifest.xml:18:5-19
MERGED from [com.google.firebase:firebase-config:11.0.4] AndroidManifest.xml:18:5-19
MERGED from [com.google.android.gms:play-services-awareness:11.0.4] AndroidManifest.xml:18:5-19
MERGED from [com.google.firebase:firebase-crash:11.0.4] AndroidManifest.xml:22:5-23:19
MERGED from [com.google.firebase:firebase-dynamic-links:11.0.4] AndroidManifest.xml:5:3-17
MERGED from [com.google.firebase:firebase-messaging:11.0.4] AndroidManifest.xml:19:5-29:19
MERGED from [com.google.android.gms:play-services-fitness:11.0.4] AndroidManifest.xml:18:5-19
MERGED from [com.google.android.gms:play-services-games:11.0.4] AndroidManifest.xml:18:5-19
MERGED from [com.google.android.gms:play-services-drive:11.0.4] AndroidManifest.xml:18:5-19
MERGED from [com.google.android.gms:play-services-gass:11.0.4] AndroidManifest.xml:4:5-19
MERGED from [com.google.android.gms:play-services-gcm:11.0.4] AndroidManifest.xml:23:5-19
MERGED from [com.google.firebase:firebase-appindexing:11.0.4] AndroidManifest.xml:18:5-19
MERGED from [com.google.android.gms:play-services-iid:11.0.4] AndroidManifest.xml:23:5-19
MERGED from [com.google.android.gms:play-services-nearby:11.0.4] AndroidManifest.xml:5:5-19
MERGED from [com.google.android.gms:play-services-panorama:11.0.4] AndroidManifest.xml:18:5-19
MERGED from [com.google.android.gms:play-services-places:11.0.4] AndroidManifest.xml:18:5-19
MERGED from [com.google.android.gms:play-services-plus:11.0.4] AndroidManifest.xml:18:5-19
MERGED from [com.google.android.gms:play-services-safetynet:11.0.4] AndroidManifest.xml:18:5-19
MERGED from [com.google.android.gms:play-services-tagmanager-api:11.0.4] AndroidManifest.xml:23:5-33:19
MERGED from [com.google.android.gms:play-services-tagmanager-v4-impl:11.0.4] AndroidManifest.xml:19:5-19
MERGED from [com.google.android.gms:play-services-analytics-impl:11.0.4] AndroidManifest.xml:26:5-19
MERGED from [com.google.android.gms:play-services-vision:11.0.4] AndroidManifest.xml:4:5-19
MERGED from [com.google.android.gms:play-services-vision-common:11.0.4] AndroidManifest.xml:4:5-19
MERGED from [com.google.android.gms:play-services-identity:11.0.4] AndroidManifest.xml:18:5-19
MERGED from [com.google.android.gms:play-services-wearable:11.0.4] AndroidManifest.xml:18:5-19
MERGED from [com.google.android.gms:play-services-maps:11.0.4] AndroidManifest.xml:24:5-19
MERGED from [com.google.android.gms:play-services-location:11.0.4] AndroidManifest.xml:4:5-19
MERGED from [com.microsoft.azure:azure-mobile-android:3.2.0] AndroidManifest.xml:11:5-31:19
MERGED from [com.google.android.gms:play-services-auth:11.0.4] AndroidManifest.xml:19:5-25:19
MERGED from [com.google.firebase:firebase-auth:11.0.4] AndroidManifest.xml:19:5-20:19
MERGED from [com.google.android.gms:play-services-base:11.0.4] AndroidManifest.xml:18:5-20:19
MERGED from [com.facebook.android:facebook-login:4.27.0] AndroidManifest.xml:28:5-29:19
MERGED from [com.facebook.android:facebook-common:4.27.0] AndroidManifest.xml:28:5-34:19
MERGED from [com.facebook.android:facebook-core:4.27.0] AndroidManifest.xml:28:5-43:19
MERGED from [com.android.support:appcompat-v7:25.3.1] AndroidManifest.xml:29:5-20
MERGED from [com.android.support:animated-vector-drawable:25.3.1] AndroidManifest.xml:26:5-20
MERGED from [com.android.support:support-vector-drawable:25.3.1] AndroidManifest.xml:26:5-20
MERGED from [com.android.support:cardview-v7:25.3.1] AndroidManifest.xml:26:5-20
MERGED from [com.android.support:customtabs:25.3.1] AndroidManifest.xml:26:5-20
MERGED from [com.google.firebase:firebase-core:11.0.4] AndroidManifest.xml:5:5-20
MERGED from [com.google.firebase:firebase-analytics:11.0.4] AndroidManifest.xml:24:5-34:19
MERGED from [com.google.firebase:firebase-analytics-impl:11.0.4] AndroidManifest.xml:24:5-28:19
MERGED from [com.google.firebase:firebase-iid:11.0.4] AndroidManifest.xml:28:5-49:19
MERGED from [com.google.firebase:firebase-common:11.0.4] AndroidManifest.xml:4:5-7:19
MERGED from [com.google.android.gms:play-services-tasks:11.0.4] AndroidManifest.xml:4:5-19
MERGED from [com.google.android.gms:play-services-basement:11.0.4] AndroidManifest.xml:19:5-21:19
MERGED from [com.android.support:support-v4:25.3.1] AndroidManifest.xml:29:5-20
MERGED from [com.android.support:support-fragment:25.3.1] AndroidManifest.xml:29:5-20
MERGED from [com.android.support:support-media-compat:25.3.1] AndroidManifest.xml:29:5-20
MERGED from [com.android.support:support-core-ui:25.3.1] AndroidManifest.xml:29:5-20
MERGED from [com.android.support:support-core-utils:25.3.1] AndroidManifest.xml:29:5-20
MERGED from [com.android.support:support-compat:25.3.1] AndroidManifest.xml:29:5-20
	android:label
		ADDED from src/main/AndroidManifest.xml:25:9-41
	android:supportsRtl
		ADDED from src/main/AndroidManifest.xml:26:9-35
	android:allowBackup
		ADDED from src/main/AndroidManifest.xml:23:9-35
	android:icon
		ADDED from src/main/AndroidManifest.xml:24:9-43
	android:theme
		ADDED from src/main/AndroidManifest.xml:27:9-40
uses-library#com.google.android.maps
ADDED from src/main/AndroidManifest.xml:28:9-30:40
	android:required
		ADDED from src/main/AndroidManifest.xml:30:13-37
	android:name
		ADDED from src/main/AndroidManifest.xml:29:13-51
activity#com.unimelb.jigarthakkar.safedrivesystem.SplashActivity
ADDED from src/main/AndroidManifest.xml:31:9-37:20
	android:name
		ADDED from src/main/AndroidManifest.xml:31:19-49
intent-filter#android.intent.action.MAIN+android.intent.category.LAUNCHER
ADDED from src/main/AndroidManifest.xml:32:13-36:29
action#android.intent.action.MAIN
ADDED from src/main/AndroidManifest.xml:33:17-69
	android:name
		ADDED from src/main/AndroidManifest.xml:33:25-66
category#android.intent.category.LAUNCHER
ADDED from src/main/AndroidManifest.xml:35:17-77
	android:name
		ADDED from src/main/AndroidManifest.xml:35:27-74
activity#com.unimelb.jigarthakkar.safedrivesystem.LoginSignupActivity
ADDED from src/main/AndroidManifest.xml:38:9-57
	android:name
		ADDED from src/main/AndroidManifest.xml:38:19-54
activity#com.unimelb.jigarthakkar.safedrivesystem.LoginActivity
ADDED from src/main/AndroidManifest.xml:39:9-51
	android:name
		ADDED from src/main/AndroidManifest.xml:39:19-48
activity#com.unimelb.jigarthakkar.safedrivesystem.SignupActivity
ADDED from src/main/AndroidManifest.xml:40:9-52
	android:name
		ADDED from src/main/AndroidManifest.xml:40:19-49
activity#com.unimelb.jigarthakkar.safedrivesystem.MainActivity
ADDED from src/main/AndroidManifest.xml:41:9-50
	android:name
		ADDED from src/main/AndroidManifest.xml:41:19-47
activity#com.unimelb.jigarthakkar.safedrivesystem.ProfileActivity
ADDED from src/main/AndroidManifest.xml:42:9-62
	android:name
		ADDED from src/main/AndroidManifest.xml:42:19-50
activity#com.unimelb.jigarthakkar.safedrivesystem.RecordActivity
ADDED from src/main/AndroidManifest.xml:43:9-61
	android:name
		ADDED from src/main/AndroidManifest.xml:43:19-49
activity#com.unimelb.jigarthakkar.safedrivesystem.SOSActivity
ADDED from src/main/AndroidManifest.xml:44:9-58
	android:name
		ADDED from src/main/AndroidManifest.xml:44:19-46
meta-data#com.google.android.geo.API_KEY
ADDED from src/main/AndroidManifest.xml:46:9-48:55
	android:value
		ADDED from src/main/AndroidManifest.xml:48:13-52
	android:name
		ADDED from src/main/AndroidManifest.xml:47:13-58
meta-data#com.facebook.sdk.ApplicationId
ADDED from src/main/AndroidManifest.xml:50:9-51:54
	android:value
		ADDED from src/main/AndroidManifest.xml:51:13-52
	android:name
		ADDED from src/main/AndroidManifest.xml:50:20-65
activity#com.facebook.FacebookActivity
ADDED from src/main/AndroidManifest.xml:53:9-56:47
MERGED from [com.facebook.android:facebook-common:4.27.0] AndroidManifest.xml:29:9-32:66
	android:label
		ADDED from src/main/AndroidManifest.xml:56:13-44
	android:configChanges
		ADDED from src/main/AndroidManifest.xml:54:13-113
	android:theme
		ADDED from [com.facebook.android:facebook-common:4.27.0] AndroidManifest.xml:32:13-63
	android:name
		ADDED from src/main/AndroidManifest.xml:53:19-63
activity#com.facebook.CustomTabActivity
ADDED from src/main/AndroidManifest.xml:57:9-66:20
	android:exported
		ADDED from src/main/AndroidManifest.xml:59:13-36
	android:name
		ADDED from src/main/AndroidManifest.xml:58:13-58
intent-filter#android.intent.action.VIEW+android.intent.category.BROWSABLE+android.intent.category.DEFAULT
ADDED from src/main/AndroidManifest.xml:60:13-65:29
action#android.intent.action.VIEW
ADDED from src/main/AndroidManifest.xml:61:17-69
	android:name
		ADDED from src/main/AndroidManifest.xml:61:25-66
category#android.intent.category.DEFAULT
ADDED from src/main/AndroidManifest.xml:62:17-76
	android:name
		ADDED from src/main/AndroidManifest.xml:62:27-73
category#android.intent.category.BROWSABLE
ADDED from src/main/AndroidManifest.xml:63:17-78
	android:name
		ADDED from src/main/AndroidManifest.xml:63:27-75
data
ADDED from src/main/AndroidManifest.xml:64:17-75
	android:scheme
		ADDED from src/main/AndroidManifest.xml:64:23-72
uses-permission#android.permission.ACCESS_NETWORK_STATE
ADDED from [com.google.android.gms:play-services-ads-lite:11.0.4] AndroidManifest.xml:20:5-78
MERGED from [com.google.android.gms:play-services-analytics:11.0.4] AndroidManifest.xml:21:5-78
MERGED from [com.google.android.gms:play-services-nearby:11.0.4] AndroidManifest.xml:4:5-78
MERGED from [com.google.android.gms:play-services-tagmanager-api:11.0.4] AndroidManifest.xml:21:5-78
MERGED from [com.google.android.gms:play-services-analytics-impl:11.0.4] AndroidManifest.xml:21:5-78
MERGED from [com.google.android.gms:play-services-maps:11.0.4] AndroidManifest.xml:19:5-78
MERGED from [com.google.firebase:firebase-analytics:11.0.4] AndroidManifest.xml:21:5-78
MERGED from [com.google.firebase:firebase-analytics-impl:11.0.4] AndroidManifest.xml:21:5-78
MERGED from [com.google.firebase:firebase-iid:11.0.4] AndroidManifest.xml:19:5-78
	android:name
		ADDED from [com.google.android.gms:play-services-ads-lite:11.0.4] AndroidManifest.xml:20:22-76
activity#com.google.android.gms.ads.AdActivity
ADDED from [com.google.android.gms:play-services-ads-lite:11.0.4] AndroidManifest.xml:25:9-232
	android:configChanges
		ADDED from [com.google.android.gms:play-services-ads-lite:11.0.4] AndroidManifest.xml:25:72-181
	android:theme
		ADDED from [com.google.android.gms:play-services-ads-lite:11.0.4] AndroidManifest.xml:25:182-230
	android:name
		ADDED from [com.google.android.gms:play-services-ads-lite:11.0.4] AndroidManifest.xml:25:19-71
uses-permission#android.permission.WAKE_LOCK
ADDED from [com.google.android.gms:play-services-analytics:11.0.4] AndroidManifest.xml:24:5-67
MERGED from [com.google.android.gms:play-services-analytics-impl:11.0.4] AndroidManifest.xml:24:5-67
MERGED from [com.google.firebase:firebase-analytics:11.0.4] AndroidManifest.xml:22:5-67
MERGED from [com.google.firebase:firebase-analytics-impl:11.0.4] AndroidManifest.xml:22:5-67
MERGED from [com.google.firebase:firebase-iid:11.0.4] AndroidManifest.xml:21:5-67
	android:name
		ADDED from [com.google.android.gms:play-services-analytics:11.0.4] AndroidManifest.xml:24:22-65
activity#com.google.android.gms.appinvite.PreviewActivity
ADDED from [com.google.android.gms:play-services-appinvite:11.0.4] AndroidManifest.xml:20:9-25:20
	android:exported
		ADDED from [com.google.android.gms:play-services-appinvite:11.0.4] AndroidManifest.xml:20:51-74
	android:theme
		ADDED from [com.google.android.gms:play-services-appinvite:11.0.4] AndroidManifest.xml:20:75-121
	android:name
		ADDED from [com.google.android.gms:play-services-appinvite:11.0.4] AndroidManifest.xml:20:19-50
intent-filter#android.intent.category.DEFAULT+com.google.android.gms.appinvite.ACTION_PREVIEW
ADDED from [com.google.android.gms:play-services-appinvite:11.0.4] AndroidManifest.xml:21:13-24:29
action#com.google.android.gms.appinvite.ACTION_PREVIEW
ADDED from [com.google.android.gms:play-services-appinvite:11.0.4] AndroidManifest.xml:22:17-89
	android:name
		ADDED from [com.google.android.gms:play-services-appinvite:11.0.4] AndroidManifest.xml:22:25-87
receiver#com.google.android.gms.cast.framework.media.MediaIntentReceiver
ADDED from [com.google.android.gms:play-services-cast-framework:11.0.4] AndroidManifest.xml:5:9-99
	android:name
		ADDED from [com.google.android.gms:play-services-cast-framework:11.0.4] AndroidManifest.xml:5:19-97
service#com.google.android.gms.cast.framework.media.MediaNotificationService
ADDED from [com.google.android.gms:play-services-cast-framework:11.0.4] AndroidManifest.xml:6:9-103
	android:name
		ADDED from [com.google.android.gms:play-services-cast-framework:11.0.4] AndroidManifest.xml:6:18-101
service#com.google.android.gms.cast.framework.ReconnectionService
ADDED from [com.google.android.gms:play-services-cast-framework:11.0.4] AndroidManifest.xml:7:9-92
	android:name
		ADDED from [com.google.android.gms:play-services-cast-framework:11.0.4] AndroidManifest.xml:7:18-90
service#com.google.firebase.messaging.FirebaseMessagingService
ADDED from [com.google.firebase:firebase-messaging:11.0.4] AndroidManifest.xml:23:9-27:19
	android:exported
		ADDED from [com.google.firebase:firebase-messaging:11.0.4] AndroidManifest.xml:23:88-111
	android:name
		ADDED from [com.google.firebase:firebase-messaging:11.0.4] AndroidManifest.xml:23:18-87
intent-filter#com.google.firebase.MESSAGING_EVENT
ADDED from [com.google.firebase:firebase-messaging:11.0.4] AndroidManifest.xml:24:13-26:29
	android:priority
		ADDED from [com.google.firebase:firebase-messaging:11.0.4] AndroidManifest.xml:24:28-51
action#com.google.firebase.MESSAGING_EVENT
ADDED from [com.google.firebase:firebase-messaging:11.0.4] AndroidManifest.xml:25:17-77
	android:name
		ADDED from [com.google.firebase:firebase-messaging:11.0.4] AndroidManifest.xml:25:25-75
uses-permission#com.google.android.c2dm.permission.RECEIVE
ADDED from [com.google.android.gms:play-services-gcm:11.0.4] AndroidManifest.xml:20:5-81
MERGED from [com.google.android.gms:play-services-iid:11.0.4] AndroidManifest.xml:20:5-81
MERGED from [com.google.firebase:firebase-iid:11.0.4] AndroidManifest.xml:22:5-81
	android:name
		ADDED from [com.google.android.gms:play-services-gcm:11.0.4] AndroidManifest.xml:20:22-79
service#com.google.android.gms.tagmanager.TagManagerService
ADDED from [com.google.android.gms:play-services-tagmanager-api:11.0.4] AndroidManifest.xml:24:9-134
	android:enabled
		ADDED from [com.google.android.gms:play-services-tagmanager-api:11.0.4] AndroidManifest.xml:24:110-132
	android:exported
		ADDED from [com.google.android.gms:play-services-tagmanager-api:11.0.4] AndroidManifest.xml:24:85-109
	android:name
		ADDED from [com.google.android.gms:play-services-tagmanager-api:11.0.4] AndroidManifest.xml:24:18-84
activity#com.google.android.gms.tagmanager.TagManagerPreviewActivity
ADDED from [com.google.android.gms:play-services-tagmanager-api:11.0.4] AndroidManifest.xml:25:9-32:20
	android:exported
		ADDED from [com.google.android.gms:play-services-tagmanager-api:11.0.4] AndroidManifest.xml:25:94-117
	android:noHistory
		ADDED from [com.google.android.gms:play-services-tagmanager-api:11.0.4] AndroidManifest.xml:25:118-142
	android:name
		ADDED from [com.google.android.gms:play-services-tagmanager-api:11.0.4] AndroidManifest.xml:25:19-93
uses-feature#0x00020000
ADDED from [com.google.android.gms:play-services-maps:11.0.4] AndroidManifest.xml:21:5-77
	android:glEsVersion
		ADDED from [com.google.android.gms:play-services-maps:11.0.4] AndroidManifest.xml:21:19-51
	android:required
		ADDED from [com.google.android.gms:play-services-maps:11.0.4] AndroidManifest.xml:21:52-75
activity#com.microsoft.windowsazure.mobileservices.authentication.RedirectUrlActivity
ADDED from [com.microsoft.azure:azure-mobile-android:3.2.0] AndroidManifest.xml:12:9-23:20
	android:exported
		ADDED from [com.microsoft.azure:azure-mobile-android:3.2.0] AndroidManifest.xml:14:13-36
	android:name
		ADDED from [com.microsoft.azure:azure-mobile-android:3.2.0] AndroidManifest.xml:13:13-104
activity#com.microsoft.windowsazure.mobileservices.authentication.CustomTabsIntermediateActivity
ADDED from [com.microsoft.azure:azure-mobile-android:3.2.0] AndroidManifest.xml:24:9-26:40
	android:exported
		ADDED from [com.microsoft.azure:azure-mobile-android:3.2.0] AndroidManifest.xml:26:13-37
	android:name
		ADDED from [com.microsoft.azure:azure-mobile-android:3.2.0] AndroidManifest.xml:25:13-115
activity#com.microsoft.windowsazure.mobileservices.authentication.CustomTabsLoginActivity
ADDED from [com.microsoft.azure:azure-mobile-android:3.2.0] AndroidManifest.xml:27:9-30:47
	android:launchMode
		ADDED from [com.microsoft.azure:azure-mobile-android:3.2.0] AndroidManifest.xml:30:13-44
	android:exported
		ADDED from [com.microsoft.azure:azure-mobile-android:3.2.0] AndroidManifest.xml:29:13-37
	android:name
		ADDED from [com.microsoft.azure:azure-mobile-android:3.2.0] AndroidManifest.xml:28:13-108
activity#com.google.android.gms.auth.api.signin.internal.SignInHubActivity
ADDED from [com.google.android.gms:play-services-auth:11.0.4] AndroidManifest.xml:20:9-189
	android:excludeFromRecents
		ADDED from [com.google.android.gms:play-services-auth:11.0.4] AndroidManifest.xml:20:129-162
	android:exported
		ADDED from [com.google.android.gms:play-services-auth:11.0.4] AndroidManifest.xml:20:163-187
	android:theme
		ADDED from [com.google.android.gms:play-services-auth:11.0.4] AndroidManifest.xml:20:69-128
	android:name
		ADDED from [com.google.android.gms:play-services-auth:11.0.4] AndroidManifest.xml:20:19-68
service#com.google.android.gms.auth.api.signin.RevocationBoundService
ADDED from [com.google.android.gms:play-services-auth:11.0.4] AndroidManifest.xml:24:9-184
	android:exported
		ADDED from [com.google.android.gms:play-services-auth:11.0.4] AndroidManifest.xml:24:64-87
	android:permission
		ADDED from [com.google.android.gms:play-services-auth:11.0.4] AndroidManifest.xml:24:88-182
	android:name
		ADDED from [com.google.android.gms:play-services-auth:11.0.4] AndroidManifest.xml:24:18-63
activity#com.google.android.gms.common.api.GoogleApiActivity
ADDED from [com.google.android.gms:play-services-base:11.0.4] AndroidManifest.xml:19:9-172
	android:exported
		ADDED from [com.google.android.gms:play-services-base:11.0.4] AndroidManifest.xml:19:146-170
	android:theme
		ADDED from [com.google.android.gms:play-services-base:11.0.4] AndroidManifest.xml:19:86-145
	android:name
		ADDED from [com.google.android.gms:play-services-base:11.0.4] AndroidManifest.xml:19:19-85
activity#com.facebook.CustomTabMainActivity
ADDED from [com.facebook.android:facebook-common:4.27.0] AndroidManifest.xml:33:9-71
	android:name
		ADDED from [com.facebook.android:facebook-common:4.27.0] AndroidManifest.xml:33:19-68
provider#com.facebook.internal.FacebookInitProvider
ADDED from [com.facebook.android:facebook-core:4.27.0] AndroidManifest.xml:39:9-42:40
	android:authorities
		ADDED from [com.facebook.android:facebook-core:4.27.0] AndroidManifest.xml:41:13-72
	android:exported